<?xml version="1.0" encoding="UTF-8"?>
<!-- Generated by org.testng.reporters.JUnitXMLReporter -->
<testsuite hostname="jarvis" ignored="0" name="chromeTest" tests="2" failures="0" timestamp="09 Jan 2021 05:10:51 GMT" time="35.113" errors="0">
  <testcase name="tc_001_launchAppWithValidUrl" time="0.256" classname="testscripts.TC_001_launchAppWithValidURL"/>
  <testcase name="tc_002_loginWithValidCredentials" time="30.299" classname="testscripts.TC_002_loginWithValidCredentials"/>
</testsuite> <!-- chromeTest -->
