<?xml version="1.0" encoding="UTF-8"?>
<!-- Generated by org.testng.reporters.JUnitXMLReporter -->
<testsuite hostname="jarvis" ignored="0" name="chromeTest" tests="3" failures="0" timestamp="03 Jan 2021 05:12:41 GMT" time="82.241" errors="0">
  <testcase name="tc_001_launchAppWithValidUrl" time="0.147" classname="testscripts.TC_001_launchAppWithValidURL"/>
  <testcase name="tc_002_loginWithValidCredentials" time="30.256" classname="testscripts.TC_002_loginWithValidCredentials"/>
  <testcase name="tc_003_loginWithInValidUserNameAndValidPassword" time="0.425" classname="testscripts.TC_003_loginWithInValidUserNameAndValidPassword"/>
</testsuite> <!-- chromeTest -->
