<?xml version="1.0" encoding="UTF-8"?>
<!-- Generated by org.testng.reporters.JUnitXMLReporter -->
<testsuite hostname="jarvis" ignored="0" name="firefoxTest" tests="3" failures="0" timestamp="03 Jan 2021 05:06:15 GMT" time="142.598" errors="0">
  <testcase name="tc_001_launchAppWithValidUrl" time="0.172" classname="testscripts.TC_001_launchAppWithValidURL"/>
  <testcase name="tc_002_loginWithValidCredentials" time="30.144" classname="testscripts.TC_002_loginWithValidCredentials"/>
  <testcase name="tc_003_loginWithInValidUserNameAndValidPassword" time="0.457" classname="testscripts.TC_003_loginWithInValidUserNameAndValidPassword"/>
</testsuite> <!-- firefoxTest -->
