<?xml version="1.0" encoding="UTF-8"?>
<testng-results skipped="0" failed="0" ignored="0" total="1" passed="1">
  <reporter-output>
  </reporter-output>
  <suite name="Default suite" duration-ms="26207" started-at="2021-01-17T05:51:05Z" finished-at="2021-01-17T05:51:32Z">
    <groups>
    </groups>
    <test name="Default test" duration-ms="26207" started-at="2021-01-17T05:51:05Z" finished-at="2021-01-17T05:51:32Z">
      <class name="advanceTopics.RobotClassMouseMove">
        <test-method status="PASS" signature="handlingFramesDragDrop()[pri:0, instance:advanceTopics.RobotClassMouseMove@464bee09]" name="handlingFramesDragDrop" duration-ms="26192" started-at="2021-01-17T11:21:05Z" finished-at="2021-01-17T11:21:32Z">
          <reporter-output>
          </reporter-output>
        </test-method> <!-- handlingFramesDragDrop -->
      </class> <!-- advanceTopics.RobotClassMouseMove -->
    </test> <!-- Default test -->
  </suite> <!-- Default suite -->
</testng-results>
